2025-03-28 14:32:02 - Login attempt started
2025-03-28 14:32:02 - Received input: 
2025-03-28 14:32:02 - Error: No data received or invalid JSON
2025-03-28 14:32:02 - Login process completed

2025-03-28 14:32:02 - Login attempt started
2025-03-28 14:32:02 - Received input: {"email":"priyank@gmail.com","password":"hello"}
2025-03-28 14:32:02 - Querying for email: priyank@gmail.com
2025-03-28 14:32:02 - User found, verifying password
2025-03-28 14:32:02 - Password verified successfully
2025-03-28 14:32:02 - Sending success response
2025-03-28 14:32:02 - Login process completed

2025-03-28 14:32:14 - Login attempt started
2025-03-28 14:32:14 - Received input: 
2025-03-28 14:32:14 - Error: No data received or invalid JSON
2025-03-28 14:32:14 - Login process completed

2025-03-28 14:32:14 - Login attempt started
2025-03-28 14:32:14 - Received input: {"email":"priyank@gmail.com","password":"hello"}
2025-03-28 14:32:14 - Querying for email: priyank@gmail.com
2025-03-28 14:32:14 - User found, verifying password
2025-03-28 14:32:14 - Password verified successfully
2025-03-28 14:32:14 - Sending success response
2025-03-28 14:32:14 - Login process completed

2025-03-29 14:22:26 - Login attempt started
2025-03-29 14:22:26 - Received input: 
2025-03-29 14:22:26 - Error: No data received or invalid JSON
2025-03-29 14:22:26 - Login process completed

2025-03-29 14:22:26 - Login attempt started
2025-03-29 14:22:26 - Received input: {"email":"priyank@gmail.com","password":"hello"}
2025-03-29 14:22:26 - Querying for email: priyank@gmail.com
2025-03-29 14:22:26 - User found, verifying password
2025-03-29 14:22:26 - Password verified successfully
2025-03-29 14:22:26 - Sending success response
2025-03-29 14:22:26 - Login process completed

2025-03-29 14:22:34 - Login attempt started
2025-03-29 14:22:34 - Received input: 
2025-03-29 14:22:34 - Error: No data received or invalid JSON
2025-03-29 14:22:34 - Login process completed

2025-03-29 14:22:34 - Login attempt started
2025-03-29 14:22:34 - Received input: {"email":"priyank@gmail.com","password":"hello"}
2025-03-29 14:22:34 - Querying for email: priyank@gmail.com
2025-03-29 14:22:34 - User found, verifying password
2025-03-29 14:22:34 - Password verified successfully
2025-03-29 14:22:34 - Sending success response
2025-03-29 14:22:34 - Login process completed

2025-03-29 14:23:38 - Login attempt started
2025-03-29 14:23:38 - Received input: 
2025-03-29 14:23:38 - Error: No data received or invalid JSON
2025-03-29 14:23:38 - Login process completed

2025-03-29 14:23:38 - Login attempt started
2025-03-29 14:23:38 - Received input: {"email":"priyank@gmail.com","password":"hello"}
2025-03-29 14:23:38 - Querying for email: priyank@gmail.com
2025-03-29 14:23:38 - User found, verifying password
2025-03-29 14:23:38 - Password verified successfully
2025-03-29 14:23:38 - Sending success response
2025-03-29 14:23:38 - Login process completed

2025-03-29 14:26:40 - Login attempt started
2025-03-29 14:26:40 - Received input: 
2025-03-29 14:26:40 - Error: No data received or invalid JSON
2025-03-29 14:26:40 - Login process completed

2025-03-29 14:26:40 - Login attempt started
2025-03-29 14:26:40 - Received input: {"email":"priyank@gmail.com","password":"hello"}
2025-03-29 14:26:40 - Querying for email: priyank@gmail.com
2025-03-29 14:26:40 - User found, verifying password
2025-03-29 14:26:40 - Password verified successfully
2025-03-29 14:26:40 - Sending success response
2025-03-29 14:26:40 - Login process completed

2025-03-29 14:31:59 - Login attempt started
2025-03-29 14:31:59 - Received input: 
2025-03-29 14:31:59 - Error: No data received or invalid JSON
2025-03-29 14:31:59 - Login process completed

2025-03-29 14:31:59 - Login attempt started
2025-03-29 14:31:59 - Received input: {"email":"priyank123@gmail.com","password":"hello123"}
2025-03-29 14:31:59 - Querying for email: priyank123@gmail.com
2025-03-29 14:31:59 - User found, verifying password
2025-03-29 14:31:59 - Password verified successfully
2025-03-29 14:31:59 - Sending success response
2025-03-29 14:31:59 - Login process completed

2025-03-29 14:32:27 - Login attempt started
2025-03-29 14:32:27 - Received input: 
2025-03-29 14:32:27 - Error: No data received or invalid JSON
2025-03-29 14:32:27 - Login process completed

2025-03-29 14:32:28 - Login attempt started
2025-03-29 14:32:28 - Received input: {"email":"hello123@gmail.com","password":"hello123"}
2025-03-29 14:32:28 - Querying for email: hello123@gmail.com
2025-03-29 14:32:28 - User found, verifying password
2025-03-29 14:32:28 - Password verified successfully
2025-03-29 14:32:28 - Sending success response
2025-03-29 14:32:28 - Login process completed

2025-03-29 14:32:35 - Login attempt started
2025-03-29 14:32:35 - Received input: 
2025-03-29 14:32:35 - Error: No data received or invalid JSON
2025-03-29 14:32:35 - Login process completed

2025-03-29 14:32:35 - Login attempt started
2025-03-29 14:32:35 - Received input: {"email":"hello123@gmail.com","password":"hello123"}
2025-03-29 14:32:35 - Querying for email: hello123@gmail.com
2025-03-29 14:32:35 - User found, verifying password
2025-03-29 14:32:35 - Password verified successfully
2025-03-29 14:32:35 - Sending success response
2025-03-29 14:32:35 - Login process completed

2025-03-29 14:32:45 - Login attempt started
2025-03-29 14:32:45 - Received input: 
2025-03-29 14:32:45 - Error: No data received or invalid JSON
2025-03-29 14:32:45 - Login process completed

2025-03-29 14:32:45 - Login attempt started
2025-03-29 14:32:45 - Received input: {"email":"hello123@gmail.com","password":"hello123"}
2025-03-29 14:32:45 - Querying for email: hello123@gmail.com
2025-03-29 14:32:45 - User found, verifying password
2025-03-29 14:32:45 - Password verified successfully
2025-03-29 14:32:45 - Sending success response
2025-03-29 14:32:45 - Login process completed

2025-03-29 14:36:08 - Login attempt started
2025-03-29 14:36:08 - Received input: 
2025-03-29 14:36:08 - Error: No data received or invalid JSON
2025-03-29 14:36:08 - Login process completed

2025-03-29 14:36:08 - Login attempt started
2025-03-29 14:36:08 - Received input: {"email":"hello123@gmail.com","password":"hello123"}
2025-03-29 14:36:08 - Querying for email: hello123@gmail.com
2025-03-29 14:36:08 - User found, verifying password
2025-03-29 14:36:08 - Password verified successfully
2025-03-29 14:36:08 - Sending success response
2025-03-29 14:36:08 - Login process completed

2025-03-31 08:07:20 - Login attempt started
2025-03-31 08:07:20 - Received input: 
2025-03-31 08:07:20 - Error: No data received or invalid JSON
2025-03-31 08:07:20 - Login process completed

2025-03-31 08:07:20 - Login attempt started
2025-03-31 08:07:20 - Received input: {"email":"hello123@gmail.com","password":"hello123"}
2025-03-31 08:07:20 - Querying for email: hello123@gmail.com
2025-03-31 08:07:21 - User found, verifying password
2025-03-31 08:07:21 - Password verified successfully
2025-03-31 08:07:21 - Sending success response
2025-03-31 08:07:21 - Login process completed

2025-03-31 08:07:47 - Login attempt started
2025-03-31 08:07:47 - Received input: 
2025-03-31 08:07:47 - Error: No data received or invalid JSON
2025-03-31 08:07:47 - Login process completed

2025-03-31 08:07:47 - Login attempt started
2025-03-31 08:07:47 - Received input: {"email":"hello123@gmail.com","password":"hello123"}
2025-03-31 08:07:47 - Querying for email: hello123@gmail.com
2025-03-31 08:07:47 - User found, verifying password
2025-03-31 08:07:47 - Password verified successfully
2025-03-31 08:07:47 - Sending success response
2025-03-31 08:07:47 - Login process completed

2025-03-31 08:08:51 - Login attempt started
2025-03-31 08:08:51 - Received input: 
2025-03-31 08:08:51 - Error: No data received or invalid JSON
2025-03-31 08:08:51 - Login process completed

2025-03-31 08:08:51 - Login attempt started
2025-03-31 08:08:51 - Received input: {"email":"hello123@gmail.com","password":"hello123"}
2025-03-31 08:08:51 - Querying for email: hello123@gmail.com
2025-03-31 08:08:51 - User found, verifying password
2025-03-31 08:08:51 - Password verified successfully
2025-03-31 08:08:51 - Sending success response
2025-03-31 08:08:51 - Login process completed

2025-03-31 08:21:17 - Login attempt started
2025-03-31 08:21:17 - Received input: 
2025-03-31 08:21:17 - Error: No data received or invalid JSON
2025-03-31 08:21:17 - Login process completed

2025-03-31 08:21:17 - Login attempt started
2025-03-31 08:21:17 - Received input: {"email":"hello123@gmail.com","password":"hello123"}
2025-03-31 08:21:17 - Querying for email: hello123@gmail.com
2025-03-31 08:21:17 - User found, verifying password
2025-03-31 08:21:17 - Password verified successfully
2025-03-31 08:21:17 - Sending success response
2025-03-31 08:21:17 - Login process completed

2025-03-31 12:00:37 - Login attempt started
2025-03-31 12:00:37 - Received input: 
2025-03-31 12:00:37 - Error: No data received or invalid JSON
2025-03-31 12:00:37 - Login process completed

2025-03-31 12:00:37 - Login attempt started
2025-03-31 12:00:37 - Received input: {"email":"hello123@gmail.com","password":"hello123"}
2025-03-31 12:00:37 - Querying for email: hello123@gmail.com
2025-03-31 12:00:37 - User found, verifying password
2025-03-31 12:00:37 - Password verified successfully
2025-03-31 12:00:37 - Sending success response
2025-03-31 12:00:37 - Login process completed

2025-03-31 12:08:19 - Login attempt started
2025-03-31 12:08:19 - Received input: 
2025-03-31 12:08:19 - Error: No data received or invalid JSON
2025-03-31 12:08:19 - Login process completed

2025-03-31 12:08:19 - Login attempt started
2025-03-31 12:08:19 - Received input: {"email":"hello123@gmail.com","password":"hello123"}
2025-03-31 12:08:19 - Querying for email: hello123@gmail.com
2025-03-31 12:08:19 - User found, verifying password
2025-03-31 12:08:19 - Password verified successfully
2025-03-31 12:08:19 - Sending success response
2025-03-31 12:08:19 - Login process completed

2025-03-31 12:35:18 - Login attempt started
2025-03-31 12:35:18 - Received input: 
2025-03-31 12:35:18 - Error: No data received or invalid JSON
2025-03-31 12:35:18 - Login process completed

2025-03-31 12:35:18 - Login attempt started
2025-03-31 12:35:18 - Received input: {"email":"priyank123@gmail.com","password":"hello123"}
2025-03-31 12:35:18 - Querying for email: priyank123@gmail.com
2025-03-31 12:35:18 - User found, verifying password
2025-03-31 12:35:18 - Password verified successfully
2025-03-31 12:35:18 - Sending success response
2025-03-31 12:35:18 - Login process completed

2025-03-31 12:53:31 - Login attempt started
2025-03-31 12:53:31 - Received input: {"email":"hello123@gmail.com","password":"hello123"}
2025-03-31 12:53:31 - Querying for email: hello123@gmail.com
2025-03-31 12:53:31 - User found, verifying password
2025-03-31 12:53:31 - Password verified successfully
2025-03-31 12:53:31 - User has no wallet, assigning one
2025-03-31 12:53:31 - Wallet assigned: 0x97cd299165f4950db3ad3ba0e56e49a54a14731e
2025-03-31 12:53:31 - Sending success response
2025-03-31 12:53:31 - Login process completed

2025-03-31 12:53:43 - Login attempt started
2025-03-31 12:53:43 - Received input: {"email":"hello123@gmail.com","password":"hello123"}
2025-03-31 12:53:43 - Querying for email: hello123@gmail.com
2025-03-31 12:53:43 - User found, verifying password
2025-03-31 12:53:43 - Password verified successfully
2025-03-31 12:53:43 - Sending success response
2025-03-31 12:53:43 - Login process completed

2025-03-31 12:53:56 - Login attempt started
2025-03-31 12:53:56 - Received input: {"email":"priyank@gmail.com","password":"hello"}
2025-03-31 12:53:56 - Querying for email: priyank@gmail.com
2025-03-31 12:53:56 - User found, verifying password
2025-03-31 12:53:56 - Password verified successfully
2025-03-31 12:53:56 - User has no wallet, assigning one
2025-03-31 12:53:56 - Wallet assigned: 0xc4c32cad815e5141eeced019986d0775cb3e7fd5
2025-03-31 12:53:56 - Sending success response
2025-03-31 12:53:56 - Login process completed

2025-03-31 12:54:00 - Login attempt started
2025-03-31 12:54:00 - Received input: {"email":"priyank@gmail.com","password":"hello123"}
2025-03-31 12:54:00 - Querying for email: priyank@gmail.com
2025-03-31 12:54:00 - User found, verifying password
2025-03-31 12:54:00 - Password verification failed
2025-03-31 12:54:00 - Login process completed

2025-03-31 12:54:04 - Login attempt started
2025-03-31 12:54:04 - Received input: {"email":"priyank@gmail.com","password":"hello"}
2025-03-31 12:54:04 - Querying for email: priyank@gmail.com
2025-03-31 12:54:04 - User found, verifying password
2025-03-31 12:54:04 - Password verified successfully
2025-03-31 12:54:04 - Sending success response
2025-03-31 12:54:04 - Login process completed

2025-03-31 12:58:32 - Login attempt started
2025-03-31 12:58:32 - Received input: {"email":"priyank@gmail.com","password":"hello"}
2025-03-31 12:58:32 - Querying for email: priyank@gmail.com
2025-03-31 12:58:32 - User found, verifying password
2025-03-31 12:58:32 - Password verified successfully
2025-03-31 12:58:32 - Sending success response
2025-03-31 12:58:32 - Login process completed

2025-03-31 13:01:13 - Login attempt started
2025-03-31 13:01:13 - Received input: {"email":"priyank@gmail.com","password":"hello"}
2025-03-31 13:01:13 - Querying for email: priyank@gmail.com
2025-03-31 13:01:13 - User found, verifying password
2025-03-31 13:01:13 - Password verified successfully
2025-03-31 13:01:13 - User data before sending response: {"id":"4","name":"Priyank","email":"priyank@gmail.com","created_at":"2025-03-31 16:28:28","wallet_address":"0x90F8bf6A479f320ead074411a4B0e7944Ea8c9C1","wallet_balance":"0.0000","wallet_created_at":"2025-03-31 16:28:28"}
2025-03-31 13:01:13 - Response to client: {"success":true,"message":"Login successful","user":{"id":"4","name":"Priyank","email":"priyank@gmail.com","wallet_address":"0x90F8bf6A479f320ead074411a4B0e7944Ea8c9C1","wallet_balance":"0.0000"},"token":"718394c9e2f2eb6a5216ed811a1b6f14"}
2025-03-31 13:01:13 - Login process completed

2025-03-31 13:03:28 - Login attempt started
2025-03-31 13:03:28 - Received input: {"email":"priyank@gmail.com","password":"hello"}
2025-03-31 13:03:28 - Querying for email: priyank@gmail.com
2025-03-31 13:03:28 - User found, verifying password
2025-03-31 13:03:28 - Password verified successfully
2025-03-31 13:03:28 - User data before sending response: {"id":"5","name":"Priyank","email":"priyank@gmail.com","created_at":"2025-03-31 16:33:22","wallet_address":"0x90F8bf6A479f320ead074411a4B0e7944Ea8c9C1","wallet_balance":"0.0000","wallet_created_at":"2025-03-31 16:33:22"}
2025-03-31 13:03:28 - Response to client: {"success":true,"message":"Login successful","user":{"id":"5","name":"Priyank","email":"priyank@gmail.com","wallet_address":"0x90F8bf6A479f320ead074411a4B0e7944Ea8c9C1","wallet_balance":"0.0000"},"token":"9cefb2dd06f0939e1dde341a97aea592"}
2025-03-31 13:03:28 - Login process completed

2025-03-31 13:07:21 - Login attempt started
2025-03-31 13:07:21 - Received input: {"email":"priyank@gmail.com","password":"hello"}
2025-03-31 13:07:21 - Querying for email: priyank@gmail.com
2025-03-31 13:07:21 - User found, verifying password
2025-03-31 13:07:21 - Password verified successfully
2025-03-31 13:07:21 - User data before sending response: {"id":"6","name":"Priyank","email":"priyank@gmail.com","created_at":"2025-03-31 16:37:18","wallet_address":"0x97cd299165f4950db3ad3ba0e56e49a54a14731e","wallet_balance":"100.0000","wallet_created_at":"2025-03-31 16:37:18"}
2025-03-31 13:07:21 - Response to client: {"success":true,"message":"Login successful","user":{"id":"6","name":"Priyank","email":"priyank@gmail.com","wallet_address":"0x97cd299165f4950db3ad3ba0e56e49a54a14731e","wallet_balance":"100.0000"},"token":"0bc5d7d5dcb71f938eddbd5bc0ffa36b"}
2025-03-31 13:07:21 - Login process completed

2025-03-31 13:07:44 - Login attempt started
2025-03-31 13:07:44 - Received input: {"email":"priyank123@gmail.com","password":"hello"}
2025-03-31 13:07:44 - Querying for email: priyank123@gmail.com
2025-03-31 13:07:44 - User found, verifying password
2025-03-31 13:07:44 - Password verified successfully
2025-03-31 13:07:44 - User data before sending response: {"id":"7","name":"Priyank","email":"priyank123@gmail.com","created_at":"2025-03-31 16:37:40","wallet_address":"0xc4c32cad815e5141eeced019986d0775cb3e7fd5","wallet_balance":"100.0000","wallet_created_at":"2025-03-31 16:37:40"}
2025-03-31 13:07:44 - Response to client: {"success":true,"message":"Login successful","user":{"id":"7","name":"Priyank","email":"priyank123@gmail.com","wallet_address":"0xc4c32cad815e5141eeced019986d0775cb3e7fd5","wallet_balance":"100.0000"},"token":"564c9876454db733c5f5d3e9758c644e"}
2025-03-31 13:07:44 - Login process completed

2025-03-31 22:43:25 - Login attempt started
2025-03-31 22:43:25 - Received input: {"email":"priyank123@gmail.com","password":"hello123"}
2025-03-31 22:43:25 - Querying for email: priyank123@gmail.com
2025-03-31 22:43:25 - User found, verifying password
2025-03-31 22:43:25 - Password verification failed
2025-03-31 22:43:25 - Login process completed

2025-03-31 22:45:40 - Login attempt started
2025-03-31 22:45:40 - Received input: {"email":"priyank123@gmail.com","password":"hello"}
2025-03-31 22:45:40 - Querying for email: priyank123@gmail.com
2025-03-31 22:45:40 - User found, verifying password
2025-03-31 22:45:40 - Password verified successfully
2025-03-31 22:45:40 - User data before sending response: {"id":"7","name":"Priyank","email":"priyank123@gmail.com","created_at":"2025-03-31 16:37:40","wallet_address":"0xc4c32cad815e5141eeced019986d0775cb3e7fd5","wallet_balance":"100.0000","wallet_created_at":"2025-03-31 16:37:40"}
2025-03-31 22:45:40 - Response to client: {"success":true,"message":"Login successful","user":{"id":"7","name":"Priyank","email":"priyank123@gmail.com","wallet_address":"0xc4c32cad815e5141eeced019986d0775cb3e7fd5","wallet_balance":"100.0000"},"token":"116c22eaace664b36c14eb413d231fbd"}
2025-03-31 22:45:40 - Login process completed

2025-04-01 01:48:45 - Login attempt started
2025-04-01 01:48:45 - Received input: {"email":"priyank@gmail.com","password":"hello"}
2025-04-01 01:48:45 - Querying for email: priyank@gmail.com
2025-04-01 01:48:45 - User found, verifying password
2025-04-01 01:48:45 - Password verified successfully
2025-04-01 01:48:45 - User data before sending response: {"id":"8","name":"Priyank","email":"priyank@gmail.com","created_at":"2025-04-01 05:18:42","wallet_address":"0xb46d3260e8ea360e22df4e7372035dabcabb256f","wallet_balance":"100.0000","wallet_created_at":"2025-04-01 05:18:42"}
2025-04-01 01:48:45 - Response to client: {"success":true,"message":"Login successful","user":{"id":"8","name":"Priyank","email":"priyank@gmail.com","wallet_address":"0xb46d3260e8ea360e22df4e7372035dabcabb256f","wallet_balance":"100.0000"},"token":"eb85e3fe87fd0d5ad6fc763bca82e530"}
2025-04-01 01:48:45 - Login process completed

2025-04-01 01:57:53 - Login attempt started
2025-04-01 01:57:53 - Received input: {"email":"priyank@gmail.com","password":"hello"}
2025-04-01 01:57:53 - Querying for email: priyank@gmail.com
2025-04-01 01:57:53 - User found, verifying password
2025-04-01 01:57:53 - Password verified successfully
2025-04-01 01:57:53 - User data before sending response: {"id":"8","name":"Priyank","email":"priyank@gmail.com","created_at":"2025-04-01 05:18:42","wallet_address":"0xb46d3260e8ea360e22df4e7372035dabcabb256f","wallet_balance":"100.0000","wallet_created_at":"2025-04-01 05:18:42"}
2025-04-01 01:57:53 - Response to client: {"success":true,"message":"Login successful","user":{"id":"8","name":"Priyank","email":"priyank@gmail.com","wallet_address":"0xb46d3260e8ea360e22df4e7372035dabcabb256f","wallet_balance":"100.0000"},"token":"75ca312c94f3efa9ab3e2af7ba8d18d1"}
2025-04-01 01:57:53 - Login process completed

2025-04-01 01:59:00 - Login attempt started
2025-04-01 01:59:00 - Received input: {"email":"priyank@gmail.com","password":"helo"}
2025-04-01 01:59:00 - Querying for email: priyank@gmail.com
2025-04-01 01:59:00 - User found, verifying password
2025-04-01 01:59:01 - Password verification failed
2025-04-01 01:59:01 - Login process completed

2025-04-01 01:59:04 - Login attempt started
2025-04-01 01:59:04 - Received input: {"email":"priyank@gmail.com","password":"hello"}
2025-04-01 01:59:04 - Querying for email: priyank@gmail.com
2025-04-01 01:59:04 - User found, verifying password
2025-04-01 01:59:04 - Password verified successfully
2025-04-01 01:59:04 - User data before sending response: {"id":"8","name":"Priyank","email":"priyank@gmail.com","created_at":"2025-04-01 05:18:42","wallet_address":"0xb46d3260e8ea360e22df4e7372035dabcabb256f","wallet_balance":"100.0000","wallet_created_at":"2025-04-01 05:18:42"}
2025-04-01 01:59:04 - Response to client: {"success":true,"message":"Login successful","user":{"id":"8","name":"Priyank","email":"priyank@gmail.com","wallet_address":"0xb46d3260e8ea360e22df4e7372035dabcabb256f","wallet_balance":"100.0000"},"token":"c56de5bbcbb32e3e2ffe797b32ecdd96"}
2025-04-01 01:59:04 - Login process completed

2025-04-01 02:16:30 - Login attempt started
2025-04-01 02:16:30 - Received input: {"email":"priyank@gmail.com","password":"hello"}
2025-04-01 02:16:30 - Querying for email: priyank@gmail.com
2025-04-01 02:16:30 - User found, verifying password
2025-04-01 02:16:30 - Password verified successfully
2025-04-01 02:16:31 - User data before sending response: {"id":"8","name":"Priyank","email":"priyank@gmail.com","created_at":"2025-04-01 05:18:42","wallet_address":"0xb46d3260e8ea360e22df4e7372035dabcabb256f","wallet_balance":"98.9993","wallet_created_at":"2025-04-01 05:18:42"}
2025-04-01 02:16:31 - Response to client: {"success":true,"message":"Login successful","user":{"id":"8","name":"Priyank","email":"priyank@gmail.com","wallet_address":"0xb46d3260e8ea360e22df4e7372035dabcabb256f","wallet_balance":"98.9993"},"token":"e482ecabffd8e8430822c033e118e851"}
2025-04-01 02:16:31 - Login process completed

2025-04-01 05:02:59 - Login attempt started
2025-04-01 05:02:59 - Received input: {"email":"priyank@gmail.com","password":"hello"}
2025-04-01 05:02:59 - Querying for email: priyank@gmail.com
2025-04-01 05:02:59 - User found, verifying password
2025-04-01 05:02:59 - Password verified successfully
2025-04-01 05:02:59 - User data before sending response: {"id":"8","name":"Priyank","email":"priyank@gmail.com","created_at":"2025-04-01 05:18:42","wallet_address":"0xb46d3260e8ea360e22df4e7372035dabcabb256f","wallet_balance":"98.9982","wallet_created_at":"2025-04-01 05:18:42"}
2025-04-01 05:02:59 - Response to client: {"success":true,"message":"Login successful","user":{"id":"8","name":"Priyank","email":"priyank@gmail.com","wallet_address":"0xb46d3260e8ea360e22df4e7372035dabcabb256f","wallet_balance":"98.9982"},"token":"adb07efbc6b28ccdb6fecd61b5a357de"}
2025-04-01 05:02:59 - Login process completed

2025-04-01 05:10:48 - Login attempt started
2025-04-01 05:10:48 - Received input: {"email":"priyank@gmail.com","password":"hello"}
2025-04-01 05:10:48 - Querying for email: priyank@gmail.com
2025-04-01 05:10:48 - User found, verifying password
2025-04-01 05:10:48 - Password verified successfully
2025-04-01 05:10:48 - User data before sending response: {"id":"8","name":"Priyank","email":"priyank@gmail.com","created_at":"2025-04-01 05:18:42","wallet_address":"0xb46d3260e8ea360e22df4e7372035dabcabb256f","wallet_balance":"98.9982","wallet_created_at":"2025-04-01 05:18:42"}
2025-04-01 05:10:48 - Response to client: {"success":true,"message":"Login successful","user":{"id":"8","name":"Priyank","email":"priyank@gmail.com","wallet_address":"0xb46d3260e8ea360e22df4e7372035dabcabb256f","wallet_balance":"98.9982"},"token":"e2750510ce3f3353403b990e23d380e4"}
2025-04-01 05:10:48 - Login process completed

2025-04-01 05:10:55 - Login attempt started
2025-04-01 05:10:55 - Received input: {"email":"priyank@gmail.com","password":"hello123"}
2025-04-01 05:10:55 - Querying for email: priyank@gmail.com
2025-04-01 05:10:55 - User found, verifying password
2025-04-01 05:10:55 - Password verification failed
2025-04-01 05:10:55 - Login process completed

2025-04-01 05:10:59 - Login attempt started
2025-04-01 05:10:59 - Received input: {"email":"priyank@gmail.com","password":"hello"}
2025-04-01 05:10:59 - Querying for email: priyank@gmail.com
2025-04-01 05:10:59 - User found, verifying password
2025-04-01 05:10:59 - Password verified successfully
2025-04-01 05:10:59 - User data before sending response: {"id":"8","name":"Priyank","email":"priyank@gmail.com","created_at":"2025-04-01 05:18:42","wallet_address":"0xb46d3260e8ea360e22df4e7372035dabcabb256f","wallet_balance":"98.9982","wallet_created_at":"2025-04-01 05:18:42"}
2025-04-01 05:10:59 - Response to client: {"success":true,"message":"Login successful","user":{"id":"8","name":"Priyank","email":"priyank@gmail.com","wallet_address":"0xb46d3260e8ea360e22df4e7372035dabcabb256f","wallet_balance":"98.9982"},"token":"3b23c064b7739784b8584a45afe57d22"}
2025-04-01 05:10:59 - Login process completed

2025-04-01 05:54:01 - Login attempt started
2025-04-01 05:54:01 - Received input: {"email":"priyank@gmail.com","password":"hello"}
2025-04-01 05:54:01 - Querying for email: priyank@gmail.com
2025-04-01 05:54:01 - User found, verifying password
2025-04-01 05:54:01 - Password verified successfully
2025-04-01 05:54:02 - User data before sending response: {"id":"8","name":"Priyank","email":"priyank@gmail.com","created_at":"2025-04-01 05:18:42","wallet_address":"0xb46d3260e8ea360e22df4e7372035dabcabb256f","wallet_balance":"98.9982","wallet_created_at":"2025-04-01 05:18:42"}
2025-04-01 05:54:02 - Response to client: {"success":true,"message":"Login successful","user":{"id":"8","name":"Priyank","email":"priyank@gmail.com","wallet_address":"0xb46d3260e8ea360e22df4e7372035dabcabb256f","wallet_balance":"98.9982"},"token":"0766bfcb1f57f33d5b7dab07d292c2c0"}
2025-04-01 05:54:02 - Login process completed

2025-04-01 06:42:17 - Login attempt started
2025-04-01 06:42:17 - Received input: {"email":"priyank@gmail.com","password":"hello"}
2025-04-01 06:42:17 - Querying for email: priyank@gmail.com
2025-04-01 06:42:17 - User found, verifying password
2025-04-01 06:42:17 - Password verified successfully
2025-04-01 06:42:18 - User data before sending response: {"id":"8","name":"Priyank","email":"priyank@gmail.com","created_at":"2025-04-01 05:18:42","wallet_address":"0xb46d3260e8ea360e22df4e7372035dabcabb256f","wallet_balance":"98.9982","wallet_created_at":"2025-04-01 05:18:42"}
2025-04-01 06:42:18 - Response to client: {"success":true,"message":"Login successful","user":{"id":"8","name":"Priyank","email":"priyank@gmail.com","wallet_address":"0xb46d3260e8ea360e22df4e7372035dabcabb256f","wallet_balance":"98.9982"},"token":"c510ed4cca25443810061b455de3a268"}
2025-04-01 06:42:18 - Login process completed

